============================= test session starts =============================
platform win32 -- Python 3.13.5, pytest-9.0.2, pluggy-1.6.0
benchmark: 5.2.3 (defaults: timer=time.perf_counter disable_gc=False min_rounds=5 min_time=0.000005 max_time=1.0 calibration_precision=10 warmup=False warmup_iterations=100000)
rootdir: C:\Users\israe\OneDrive\Documentos\faz tudo\Fiscal
configfile: pytest.ini
plugins: anyio-4.12.1, asyncio-1.3.0, benchmark-5.2.3, cov-7.0.0
asyncio: mode=Mode.STRICT, debug=False, asyncio_default_fixture_loop_scope=None, asyncio_default_test_loop_scope=function
collected 19 items / 18 deselected / 1 selected

tests\unit\test_renderer_additional.py F                                 [100%]

================================== FAILURES ===================================
_____ test_convert_text_to_html_builds_heading_lists_and_paragraph_blocks _____
tests\unit\test_renderer_additional.py:64: in test_convert_text_to_html_builds_heading_lists_and_paragraph_blocks
    assert '<p class="nesh-paragraph">texto livre</p>' in out
E   assert '<p class="nesh-paragraph">texto livre</p>' in '<h3 class="nesh-heading" data-ncm="8517"><span class="nesh-ncm">85.17</span> - Telefones</h3>\n\n<ol class="nesh-list...lass="nesh-list"><li>Alfa</li><li>Beta</li></ol>\n\n<ol type="a" class="nesh-list"><li>Item A</li><li>Item B</li></ol>'
============================== warnings summary ===============================
backend\services\ai_service.py:3
  C:\Users\israe\OneDrive\Documentos\faz tudo\Fiscal\tests\..\backend\services\ai_service.py:3: FutureWarning: 
  
  All support for the `google.generativeai` package has ended. It will no longer be receiving 
  updates or bug fixes. Please switch to the `google.genai` package as soon as possible.
  See README for more details:
  
  https://github.com/google-gemini/deprecated-generative-ai-python/blob/main/README.md
  
    import google.generativeai as genai

-- Docs: https://docs.pytest.org/en/stable/how-to/capture-warnings.html
=========================== short test summary info ===========================
FAILED tests/unit/test_renderer_additional.py::test_convert_text_to_html_builds_heading_lists_and_paragraph_blocks
================= 1 failed, 18 deselected, 1 warning in 0.39s =================
